2025-03-16 11:21:46,930 - ChargingSystem - INFO - 未找到预训练模型或配置为不使用模型，将使用启发式规则进行调度
2025-03-16 11:21:46,934 - ChargingSystem - INFO - 系统初始化完成
2025-03-16 11:21:46,957 - ChargingSystem - INFO - 未找到预训练模型或配置为不使用模型，将使用启发式规则进行调度
2025-03-16 11:21:46,957 - ChargingSystem - INFO - 系统初始化完成
2025-03-16 11:21:46,981 - ChargingSystem - INFO - 未找到预训练模型或配置为不使用模型，将使用启发式规则进行调度
2025-03-16 11:21:46,981 - ChargingSystem - INFO - 系统初始化完成
2025-03-16 11:21:46,982 - ChargingSystem - INFO - 开始运行充电调度模拟，模拟天数: 1天，总步数: 96步
2025-03-16 11:21:49,035 - ChargingSystem - INFO - 模拟完成，1天平均指标:
2025-03-16 11:21:49,036 - ChargingSystem - INFO -   用户满意度: 0.0000
2025-03-16 11:21:49,036 - ChargingSystem - INFO -   运营商利润: 0.0000
2025-03-16 11:21:49,037 - ChargingSystem - INFO -   电网友好度: 0.0000
2025-03-16 11:21:49,037 - ChargingSystem - INFO -   综合奖励: 0.1500
2025-03-16 11:21:49,128 - ChargingSystem - INFO - 未找到预训练模型或配置为不使用模型，将使用启发式规则进行调度
2025-03-16 11:21:49,131 - ChargingSystem - INFO - 系统初始化完成
2025-03-16 11:21:49,180 - ChargingSystem - INFO - 未找到预训练模型或配置为不使用模型，将使用启发式规则进行调度
2025-03-16 11:21:49,182 - ChargingSystem - INFO - 系统初始化完成
2025-03-16 11:21:49,235 - ChargingSystem - INFO - 未找到预训练模型或配置为不使用模型，将使用启发式规则进行调度
2025-03-16 11:21:49,236 - ChargingSystem - INFO - 系统初始化完成
2025-03-16 11:21:49,266 - ChargingSystem - INFO - 未找到预训练模型或配置为不使用模型，将使用启发式规则进行调度
2025-03-16 11:21:49,267 - ChargingSystem - INFO - 系统初始化完成
2025-03-16 11:21:49,286 - ChargingSystem - INFO - 未找到预训练模型或配置为不使用模型，将使用启发式规则进行调度
2025-03-16 11:21:49,287 - ChargingSystem - INFO - 系统初始化完成
2025-03-16 11:22:42,419 - ChargingSystem - INFO - 未找到预训练模型或配置为不使用模型，将使用启发式规则进行调度
2025-03-16 11:22:42,420 - ChargingSystem - INFO - 系统初始化完成
2025-03-16 11:22:42,437 - ChargingSystem - INFO - 未找到预训练模型或配置为不使用模型，将使用启发式规则进行调度
2025-03-16 11:22:42,438 - ChargingSystem - INFO - 系统初始化完成
2025-03-16 11:22:42,455 - ChargingSystem - INFO - 未找到预训练模型或配置为不使用模型，将使用启发式规则进行调度
2025-03-16 11:22:42,456 - ChargingSystem - INFO - 系统初始化完成
2025-03-16 11:22:42,456 - ChargingSystem - INFO - 开始运行充电调度模拟，模拟天数: 1天，总步数: 96步
2025-03-16 11:22:43,784 - ChargingSystem - INFO - 模拟完成，1天平均指标:
2025-03-16 11:22:43,785 - ChargingSystem - INFO -   用户满意度: 0.0000
2025-03-16 11:22:43,785 - ChargingSystem - INFO -   运营商利润: 0.0000
2025-03-16 11:22:43,785 - ChargingSystem - INFO -   电网友好度: 0.0000
2025-03-16 11:22:43,786 - ChargingSystem - INFO -   综合奖励: 0.1500
2025-03-16 11:22:43,803 - ChargingSystem - INFO - 未找到预训练模型或配置为不使用模型，将使用启发式规则进行调度
2025-03-16 11:22:43,803 - ChargingSystem - INFO - 系统初始化完成
2025-03-16 11:22:43,818 - ChargingSystem - INFO - 未找到预训练模型或配置为不使用模型，将使用启发式规则进行调度
2025-03-16 11:22:43,819 - ChargingSystem - INFO - 系统初始化完成
2025-03-16 11:22:43,835 - ChargingSystem - INFO - 未找到预训练模型或配置为不使用模型，将使用启发式规则进行调度
2025-03-16 11:22:43,836 - ChargingSystem - INFO - 系统初始化完成
2025-03-16 11:22:43,856 - ChargingSystem - INFO - 未找到预训练模型或配置为不使用模型，将使用启发式规则进行调度
2025-03-16 11:22:43,857 - ChargingSystem - INFO - 系统初始化完成
2025-03-16 11:22:43,874 - ChargingSystem - INFO - 未找到预训练模型或配置为不使用模型，将使用启发式规则进行调度
2025-03-16 11:22:43,875 - ChargingSystem - INFO - 系统初始化完成
2025-03-16 11:24:00,241 - ChargingSystem - INFO - 未找到预训练模型或配置为不使用模型，将使用启发式规则进行调度
2025-03-16 11:24:00,243 - ChargingSystem - INFO - 系统初始化完成
2025-03-16 11:24:00,261 - ChargingSystem - INFO - 未找到预训练模型或配置为不使用模型，将使用启发式规则进行调度
2025-03-16 11:24:00,263 - ChargingSystem - INFO - 系统初始化完成
2025-03-16 11:24:00,278 - ChargingSystem - INFO - 未找到预训练模型或配置为不使用模型，将使用启发式规则进行调度
2025-03-16 11:24:00,278 - ChargingSystem - INFO - 系统初始化完成
2025-03-16 11:24:00,279 - ChargingSystem - INFO - 开始运行充电调度模拟，模拟天数: 1天，总步数: 96步
2025-03-16 11:24:01,447 - ChargingSystem - INFO - 模拟完成，1天平均指标:
2025-03-16 11:24:01,447 - ChargingSystem - INFO -   用户满意度: 0.0000
2025-03-16 11:24:01,448 - ChargingSystem - INFO -   运营商利润: 0.0000
2025-03-16 11:24:01,448 - ChargingSystem - INFO -   电网友好度: 0.0000
2025-03-16 11:24:01,448 - ChargingSystem - INFO -   综合奖励: 0.1500
2025-03-16 11:24:01,465 - ChargingSystem - INFO - 未找到预训练模型或配置为不使用模型，将使用启发式规则进行调度
2025-03-16 11:24:01,465 - ChargingSystem - INFO - 系统初始化完成
2025-03-16 11:24:01,486 - ChargingSystem - INFO - 未找到预训练模型或配置为不使用模型，将使用启发式规则进行调度
2025-03-16 11:24:01,487 - ChargingSystem - INFO - 系统初始化完成
2025-03-16 11:24:01,505 - ChargingSystem - INFO - 未找到预训练模型或配置为不使用模型，将使用启发式规则进行调度
2025-03-16 11:24:01,505 - ChargingSystem - INFO - 系统初始化完成
2025-03-16 11:24:01,533 - ChargingSystem - INFO - 未找到预训练模型或配置为不使用模型，将使用启发式规则进行调度
2025-03-16 11:24:01,534 - ChargingSystem - INFO - 系统初始化完成
2025-03-16 11:24:01,553 - ChargingSystem - INFO - 未找到预训练模型或配置为不使用模型，将使用启发式规则进行调度
2025-03-16 11:24:01,553 - ChargingSystem - INFO - 系统初始化完成
2025-03-16 11:24:01,581 - ChargingSystem - INFO - 未找到预训练模型或配置为不使用模型，将使用启发式规则进行调度
2025-03-16 11:24:01,581 - ChargingSystem - INFO - 系统初始化完成
2025-03-16 11:24:01,604 - ChargingSystem - INFO - 开始运行充电调度模拟，模拟天数: 14天，总步数: 1344步
2025-03-16 11:24:01,680 - ChargingSystem - INFO - 开始运行充电调度模拟，模拟天数: 14天，总步数: 1344步
2025-03-16 11:24:01,739 - ChargingSystem - INFO - 开始运行充电调度模拟，模拟天数: 14天，总步数: 1344步
2025-03-16 11:26:40,972 - ChargingSystem - INFO - 未找到预训练模型或配置为不使用模型，将使用启发式规则进行调度
2025-03-16 11:26:40,974 - ChargingSystem - INFO - 系统初始化完成
2025-03-16 11:26:40,995 - ChargingSystem - INFO - 未找到预训练模型或配置为不使用模型，将使用启发式规则进行调度
2025-03-16 11:26:40,996 - ChargingSystem - INFO - 系统初始化完成
2025-03-16 11:26:41,040 - ChargingSystem - INFO - 未找到预训练模型或配置为不使用模型，将使用启发式规则进行调度
2025-03-16 11:26:41,041 - ChargingSystem - INFO - 系统初始化完成
2025-03-16 11:26:41,042 - ChargingSystem - INFO - 开始运行充电调度模拟，模拟天数: 1天，总步数: 96步
2025-03-16 11:26:42,318 - ChargingSystem - INFO - 模拟完成，1天平均指标:
2025-03-16 11:26:42,318 - ChargingSystem - INFO -   用户满意度: 0.0000
2025-03-16 11:26:42,319 - ChargingSystem - INFO -   运营商利润: 0.0000
2025-03-16 11:26:42,319 - ChargingSystem - INFO -   电网友好度: 0.0000
2025-03-16 11:26:42,319 - ChargingSystem - INFO -   综合奖励: 0.1500
2025-03-16 11:26:42,333 - ChargingSystem - INFO - 未找到预训练模型或配置为不使用模型，将使用启发式规则进行调度
2025-03-16 11:26:42,334 - ChargingSystem - INFO - 系统初始化完成
2025-03-16 11:26:42,348 - ChargingSystem - INFO - 未找到预训练模型或配置为不使用模型，将使用启发式规则进行调度
2025-03-16 11:26:42,349 - ChargingSystem - INFO - 系统初始化完成
2025-03-16 11:26:42,364 - ChargingSystem - INFO - 未找到预训练模型或配置为不使用模型，将使用启发式规则进行调度
2025-03-16 11:26:42,364 - ChargingSystem - INFO - 系统初始化完成
2025-03-16 11:26:42,378 - ChargingSystem - INFO - 未找到预训练模型或配置为不使用模型，将使用启发式规则进行调度
2025-03-16 11:26:42,378 - ChargingSystem - INFO - 系统初始化完成
2025-03-16 11:26:42,393 - ChargingSystem - INFO - 未找到预训练模型或配置为不使用模型，将使用启发式规则进行调度
2025-03-16 11:26:42,395 - ChargingSystem - INFO - 系统初始化完成
2025-03-16 11:26:42,413 - ChargingSystem - INFO - 未找到预训练模型或配置为不使用模型，将使用启发式规则进行调度
2025-03-16 11:26:42,414 - ChargingSystem - INFO - 系统初始化完成
2025-03-16 11:26:42,433 - ChargingSystem - INFO - 开始运行充电调度模拟，模拟天数: 14天，总步数: 1344步
2025-03-16 11:26:42,489 - ChargingSystem - INFO - 开始运行充电调度模拟，模拟天数: 14天，总步数: 1344步
2025-03-16 11:26:42,553 - ChargingSystem - INFO - 开始运行充电调度模拟，模拟天数: 14天，总步数: 1344步
2025-03-16 11:29:33,214 - ChargingSystem - INFO - 未找到预训练模型或配置为不使用模型，将使用启发式规则进行调度
2025-03-16 11:29:33,218 - ChargingSystem - INFO - 系统初始化完成
2025-03-16 11:29:33,247 - ChargingSystem - INFO - 未找到预训练模型或配置为不使用模型，将使用启发式规则进行调度
2025-03-16 11:29:33,247 - ChargingSystem - INFO - 系统初始化完成
2025-03-16 11:29:33,266 - ChargingSystem - INFO - 未找到预训练模型或配置为不使用模型，将使用启发式规则进行调度
2025-03-16 11:29:33,267 - ChargingSystem - INFO - 系统初始化完成
2025-03-16 11:29:33,268 - ChargingSystem - INFO - 开始运行充电调度模拟，模拟天数: 1天，总步数: 96步
2025-03-16 11:29:34,429 - ChargingSystem - INFO - 模拟完成，1天平均指标:
2025-03-16 11:29:34,430 - ChargingSystem - INFO -   用户满意度: 0.0000
2025-03-16 11:29:34,430 - ChargingSystem - INFO -   运营商利润: 0.0000
2025-03-16 11:29:34,430 - ChargingSystem - INFO -   电网友好度: 0.0000
2025-03-16 11:29:34,430 - ChargingSystem - INFO -   综合奖励: 0.1500
2025-03-16 11:29:34,445 - ChargingSystem - INFO - 未找到预训练模型或配置为不使用模型，将使用启发式规则进行调度
2025-03-16 11:29:34,445 - ChargingSystem - INFO - 系统初始化完成
2025-03-16 11:29:34,460 - ChargingSystem - INFO - 未找到预训练模型或配置为不使用模型，将使用启发式规则进行调度
2025-03-16 11:29:34,461 - ChargingSystem - INFO - 系统初始化完成
2025-03-16 11:29:34,484 - ChargingSystem - INFO - 未找到预训练模型或配置为不使用模型，将使用启发式规则进行调度
2025-03-16 11:29:34,485 - ChargingSystem - INFO - 系统初始化完成
2025-03-16 11:29:34,508 - ChargingSystem - INFO - 未找到预训练模型或配置为不使用模型，将使用启发式规则进行调度
2025-03-16 11:29:34,509 - ChargingSystem - INFO - 系统初始化完成
2025-03-16 11:29:34,526 - ChargingSystem - INFO - 未找到预训练模型或配置为不使用模型，将使用启发式规则进行调度
2025-03-16 11:29:34,527 - ChargingSystem - INFO - 系统初始化完成
2025-03-16 11:29:34,550 - ChargingSystem - INFO - 未找到预训练模型或配置为不使用模型，将使用启发式规则进行调度
2025-03-16 11:29:34,550 - ChargingSystem - INFO - 系统初始化完成
2025-03-16 11:29:34,573 - ChargingSystem - INFO - 开始运行充电调度模拟，模拟天数: 14天，总步数: 1344步
2025-03-16 11:29:34,642 - ChargingSystem - INFO - 开始运行充电调度模拟，模拟天数: 14天，总步数: 1344步
2025-03-16 11:29:34,713 - ChargingSystem - INFO - 开始运行充电调度模拟，模拟天数: 14天，总步数: 1344步
2025-03-16 11:29:34,807 - ChargingSystem - INFO - 开始运行充电调度模拟，模拟天数: 14天，总步数: 1344步
2025-03-16 11:29:35,954 - ChargingSystem - INFO - 未找到预训练模型或配置为不使用模型，将使用启发式规则进行调度
2025-03-16 11:29:35,955 - ChargingSystem - INFO - 系统初始化完成
2025-03-16 11:29:35,970 - ChargingSystem - INFO - 开始运行充电调度模拟，模拟天数: 14天，总步数: 1344步
2025-03-16 11:29:36,047 - ChargingSystem - INFO - 开始运行充电调度模拟，模拟天数: 14天，总步数: 1344步
2025-03-16 11:29:36,151 - ChargingSystem - INFO - 开始运行充电调度模拟，模拟天数: 14天，总步数: 1344步
2025-03-16 11:29:36,194 - ChargingSystem - INFO - 开始运行充电调度模拟，模拟天数: 14天，总步数: 1344步
2025-03-16 11:29:37,065 - ChargingSystem - INFO - 未找到预训练模型或配置为不使用模型，将使用启发式规则进行调度
2025-03-16 11:29:37,066 - ChargingSystem - INFO - 系统初始化完成
2025-03-16 11:29:37,077 - ChargingSystem - INFO - 开始运行充电调度模拟，模拟天数: 7天，总步数: 672步
2025-03-16 11:29:37,139 - ChargingSystem - INFO - 开始运行充电调度模拟，模拟天数: 7天，总步数: 672步
2025-03-16 11:29:37,233 - ChargingSystem - INFO - 开始运行充电调度模拟，模拟天数: 7天，总步数: 672步
2025-03-16 11:29:37,300 - ChargingSystem - INFO - 开始运行充电调度模拟，模拟天数: 7天，总步数: 672步
2025-03-16 11:29:37,377 - ChargingSystem - INFO - 开始运行充电调度模拟，模拟天数: 7天，总步数: 672步
2025-03-16 11:29:37,438 - ChargingSystem - INFO - 开始运行充电调度模拟，模拟天数: 7天，总步数: 672步
2025-03-16 11:29:37,557 - ChargingSystem - INFO - 开始运行充电调度模拟，模拟天数: 7天，总步数: 672步
2025-03-16 11:29:37,647 - ChargingSystem - INFO - 开始运行充电调度模拟，模拟天数: 7天，总步数: 672步
2025-03-16 11:29:37,727 - ChargingSystem - INFO - 开始运行充电调度模拟，模拟天数: 7天，总步数: 672步
2025-03-16 11:29:37,809 - ChargingSystem - INFO - 开始运行充电调度模拟，模拟天数: 7天，总步数: 672步
2025-03-16 11:29:37,929 - ChargingSystem - INFO - 开始运行充电调度模拟，模拟天数: 7天，总步数: 672步
2025-03-16 11:29:37,986 - ChargingSystem - INFO - 开始运行充电调度模拟，模拟天数: 7天，总步数: 672步
2025-03-16 11:29:38,051 - ChargingSystem - INFO - 开始运行充电调度模拟，模拟天数: 7天，总步数: 672步
2025-03-16 11:29:38,120 - ChargingSystem - INFO - 开始运行充电调度模拟，模拟天数: 7天，总步数: 672步
2025-03-16 11:29:38,208 - ChargingSystem - INFO - 开始运行充电调度模拟，模拟天数: 7天，总步数: 672步
2025-03-16 11:29:38,246 - ChargingSystem - INFO - 开始运行充电调度模拟，模拟天数: 7天，总步数: 672步
2025-03-16 11:38:48,365 - ChargingSystem - INFO - 加载预训练模型: ev_charging_model.pth
2025-03-16 11:38:48,383 - ChargingSystem - INFO - 成功加载预训练模型
2025-03-16 11:38:48,383 - ChargingSystem - INFO - 系统初始化完成
2025-03-16 11:38:48,383 - ChargingSystem - INFO - 开始运行充电调度模拟，模拟天数: 7天，总步数: 672步
2025-03-16 11:38:49,652 - ChargingSystem - INFO - 模拟完成，7天平均指标:
2025-03-16 11:38:49,653 - ChargingSystem - INFO -   用户满意度: 0.0000
2025-03-16 11:38:49,653 - ChargingSystem - INFO -   运营商利润: 0.0000
2025-03-16 11:38:49,653 - ChargingSystem - INFO -   电网友好度: 0.0000
2025-03-16 11:38:49,654 - ChargingSystem - INFO -   综合奖励: 0.1500
2025-03-16 11:38:49,654 - ChargingSystem - INFO - 开始敏感性分析，目标指标: total_reward
2025-03-16 11:38:49,654 - ChargingSystem - INFO - 分析参数 'scheduler.optimization_weights.user_satisfaction' 的影响...
2025-03-16 11:38:49,661 - ChargingSystem - INFO - 开始运行充电调度模拟，模拟天数: 2天，总步数: 192步
2025-03-16 11:38:49,744 - ChargingSystem - INFO - 开始运行充电调度模拟，模拟天数: 2天，总步数: 192步
2025-03-16 11:38:49,834 - ChargingSystem - INFO - 开始运行充电调度模拟，模拟天数: 2天，总步数: 192步
2025-03-16 11:38:49,918 - ChargingSystem - INFO - 开始运行充电调度模拟，模拟天数: 2天，总步数: 192步
2025-03-16 11:38:50,024 - ChargingSystem - INFO - 开始运行充电调度模拟，模拟天数: 2天，总步数: 192步
2025-03-16 11:38:50,106 - ChargingSystem - INFO - 分析参数 'scheduler.optimization_weights.operator_profit' 的影响...
2025-03-16 11:38:50,107 - ChargingSystem - INFO - 开始运行充电调度模拟，模拟天数: 2天，总步数: 192步
2025-03-16 11:38:50,190 - ChargingSystem - INFO - 开始运行充电调度模拟，模拟天数: 2天，总步数: 192步
2025-03-16 11:38:50,296 - ChargingSystem - INFO - 开始运行充电调度模拟，模拟天数: 2天，总步数: 192步
2025-03-16 11:38:50,387 - ChargingSystem - INFO - 分析参数 'scheduler.optimization_weights.grid_friendliness' 的影响...
2025-03-16 11:38:50,389 - ChargingSystem - INFO - 开始运行充电调度模拟，模拟天数: 2天，总步数: 192步
2025-03-16 11:38:50,514 - ChargingSystem - INFO - 开始运行充电调度模拟，模拟天数: 2天，总步数: 192步
2025-03-16 11:38:50,601 - ChargingSystem - INFO - 开始运行充电调度模拟，模拟天数: 2天，总步数: 192步
2025-03-16 11:38:51,468 - ChargingSystem - INFO - 开始比较 5 种不同的调度策略
2025-03-16 11:38:51,468 - ChargingSystem - INFO - 评估策略: 用户优先策略
2025-03-16 11:38:51,485 - ChargingSystem - INFO - 成功加载预训练模型
2025-03-16 11:38:51,486 - ChargingSystem - INFO - 开始运行充电调度模拟，模拟天数: 3天，总步数: 288步
2025-03-16 11:38:51,556 - ChargingSystem - INFO - 评估策略: 利润优先策略
2025-03-16 11:38:51,571 - ChargingSystem - INFO - 成功加载预训练模型
2025-03-16 11:38:51,572 - ChargingSystem - INFO - 开始运行充电调度模拟，模拟天数: 3天，总步数: 288步
2025-03-16 11:40:58,107 - ChargingSystem - INFO - 加载预训练模型: ev_charging_model.pth
2025-03-16 11:40:58,119 - ChargingSystem - INFO - 成功加载预训练模型
2025-03-16 11:40:58,119 - ChargingSystem - INFO - 系统初始化完成
2025-03-16 11:40:58,120 - ChargingSystem - INFO - 开始运行充电调度模拟，模拟天数: 7天，总步数: 672步
2025-03-16 11:40:59,419 - ChargingSystem - INFO - 模拟完成，7天平均指标:
2025-03-16 11:40:59,420 - ChargingSystem - INFO -   用户满意度: 0.0000
2025-03-16 11:40:59,420 - ChargingSystem - INFO -   运营商利润: 0.0000
2025-03-16 11:40:59,420 - ChargingSystem - INFO -   电网友好度: 0.0000
2025-03-16 11:40:59,420 - ChargingSystem - INFO -   综合奖励: 0.1500
2025-03-16 11:40:59,421 - ChargingSystem - INFO - 开始敏感性分析，目标指标: total_reward
2025-03-16 11:40:59,421 - ChargingSystem - INFO - 分析参数 'scheduler.optimization_weights.user_satisfaction' 的影响...
2025-03-16 11:40:59,427 - ChargingSystem - INFO - 开始运行充电调度模拟，模拟天数: 2天，总步数: 192步
2025-03-16 11:40:59,515 - ChargingSystem - INFO - 开始运行充电调度模拟，模拟天数: 2天，总步数: 192步
2025-03-16 11:40:59,596 - ChargingSystem - INFO - 开始运行充电调度模拟，模拟天数: 2天，总步数: 192步
2025-03-16 11:40:59,707 - ChargingSystem - INFO - 开始运行充电调度模拟，模拟天数: 2天，总步数: 192步
2025-03-16 11:40:59,792 - ChargingSystem - INFO - 开始运行充电调度模拟，模拟天数: 2天，总步数: 192步
2025-03-16 11:40:59,882 - ChargingSystem - INFO - 分析参数 'scheduler.optimization_weights.operator_profit' 的影响...
2025-03-16 11:40:59,884 - ChargingSystem - INFO - 开始运行充电调度模拟，模拟天数: 2天，总步数: 192步
2025-03-16 11:40:59,973 - ChargingSystem - INFO - 开始运行充电调度模拟，模拟天数: 2天，总步数: 192步
2025-03-16 11:41:00,089 - ChargingSystem - INFO - 开始运行充电调度模拟，模拟天数: 2天，总步数: 192步
2025-03-16 11:41:00,190 - ChargingSystem - INFO - 分析参数 'scheduler.optimization_weights.grid_friendliness' 的影响...
2025-03-16 11:41:00,191 - ChargingSystem - INFO - 开始运行充电调度模拟，模拟天数: 2天，总步数: 192步
2025-03-16 11:41:00,276 - ChargingSystem - INFO - 开始运行充电调度模拟，模拟天数: 2天，总步数: 192步
2025-03-16 11:41:00,359 - ChargingSystem - INFO - 开始运行充电调度模拟，模拟天数: 2天，总步数: 192步
2025-03-16 11:41:01,255 - ChargingSystem - INFO - 开始比较 5 种不同的调度策略
2025-03-16 11:41:01,256 - ChargingSystem - INFO - 评估策略: 用户优先策略
2025-03-16 11:41:01,275 - ChargingSystem - INFO - 成功加载预训练模型
2025-03-16 11:41:01,275 - ChargingSystem - INFO - 开始运行充电调度模拟，模拟天数: 3天，总步数: 288步
2025-03-16 11:41:01,321 - ChargingSystem - INFO - 评估策略: 利润优先策略
2025-03-16 11:41:01,346 - ChargingSystem - INFO - 成功加载预训练模型
2025-03-16 11:41:01,347 - ChargingSystem - INFO - 开始运行充电调度模拟，模拟天数: 3天，总步数: 288步
2025-03-16 11:43:06,183 - ChargingSystem - INFO - 加载预训练模型: ev_charging_model.pth
2025-03-16 11:43:06,197 - ChargingSystem - INFO - 成功加载预训练模型
2025-03-16 11:43:06,197 - ChargingSystem - INFO - 系统初始化完成
2025-03-16 11:43:06,199 - ChargingSystem - INFO - 开始运行充电调度模拟，模拟天数: 7天，总步数: 672步
2025-03-16 11:43:07,460 - ChargingSystem - INFO - 模拟完成，7天平均指标:
2025-03-16 11:43:07,461 - ChargingSystem - INFO -   用户满意度: 0.0000
2025-03-16 11:43:07,461 - ChargingSystem - INFO -   运营商利润: 0.0000
2025-03-16 11:43:07,461 - ChargingSystem - INFO -   电网友好度: 0.0000
2025-03-16 11:43:07,461 - ChargingSystem - INFO -   综合奖励: 0.1500
2025-03-16 11:43:07,462 - ChargingSystem - INFO - 开始敏感性分析，目标指标: total_reward
2025-03-16 11:43:07,462 - ChargingSystem - INFO - 分析参数 'scheduler.optimization_weights.user_satisfaction' 的影响...
2025-03-16 11:43:07,467 - ChargingSystem - INFO - 开始运行充电调度模拟，模拟天数: 2天，总步数: 192步
2025-03-16 11:43:07,554 - ChargingSystem - INFO - 开始运行充电调度模拟，模拟天数: 2天，总步数: 192步
2025-03-16 11:43:07,648 - ChargingSystem - INFO - 开始运行充电调度模拟，模拟天数: 2天，总步数: 192步
2025-03-16 11:43:07,756 - ChargingSystem - INFO - 开始运行充电调度模拟，模拟天数: 2天，总步数: 192步
2025-03-16 11:43:07,881 - ChargingSystem - INFO - 开始运行充电调度模拟，模拟天数: 2天，总步数: 192步
2025-03-16 11:43:07,975 - ChargingSystem - INFO - 分析参数 'scheduler.optimization_weights.operator_profit' 的影响...
2025-03-16 11:43:07,976 - ChargingSystem - INFO - 开始运行充电调度模拟，模拟天数: 2天，总步数: 192步
2025-03-16 11:43:08,070 - ChargingSystem - INFO - 开始运行充电调度模拟，模拟天数: 2天，总步数: 192步
2025-03-16 11:43:08,149 - ChargingSystem - INFO - 开始运行充电调度模拟，模拟天数: 2天，总步数: 192步
2025-03-16 11:43:08,240 - ChargingSystem - INFO - 分析参数 'scheduler.optimization_weights.grid_friendliness' 的影响...
2025-03-16 11:43:08,241 - ChargingSystem - INFO - 开始运行充电调度模拟，模拟天数: 2天，总步数: 192步
2025-03-16 11:43:08,325 - ChargingSystem - INFO - 开始运行充电调度模拟，模拟天数: 2天，总步数: 192步
2025-03-16 11:43:08,414 - ChargingSystem - INFO - 开始运行充电调度模拟，模拟天数: 2天，总步数: 192步
2025-03-16 11:43:09,387 - ChargingSystem - INFO - 开始比较 5 种不同的调度策略
2025-03-16 11:43:09,387 - ChargingSystem - INFO - 评估策略: 用户优先策略
2025-03-16 11:43:09,416 - ChargingSystem - INFO - 成功加载预训练模型
2025-03-16 11:43:09,416 - ChargingSystem - INFO - 开始运行充电调度模拟，模拟天数: 3天，总步数: 288步
2025-03-16 11:43:09,466 - ChargingSystem - INFO - 评估策略: 利润优先策略
2025-03-16 11:43:09,491 - ChargingSystem - INFO - 成功加载预训练模型
2025-03-16 11:43:09,492 - ChargingSystem - INFO - 开始运行充电调度模拟，模拟天数: 3天，总步数: 288步
2025-03-16 11:43:10,076 - ChargingSystem - INFO - 评估策略: 电网友好策略
2025-03-16 11:43:10,091 - ChargingSystem - INFO - 成功加载预训练模型
2025-03-16 11:43:10,092 - ChargingSystem - INFO - 开始运行充电调度模拟，模拟天数: 3天，总步数: 288步
2025-03-16 11:43:10,142 - ChargingSystem - INFO - 评估策略: 平衡策略
2025-03-16 11:43:10,155 - ChargingSystem - INFO - 成功加载预训练模型
2025-03-16 11:43:10,156 - ChargingSystem - INFO - 开始运行充电调度模拟，模拟天数: 3天，总步数: 288步
2025-03-16 11:43:10,954 - ChargingSystem - INFO - 评估策略: 启发式调度
2025-03-16 11:43:10,965 - ChargingSystem - INFO - 开始运行充电调度模拟，模拟天数: 3天，总步数: 288步
2025-03-16 11:43:11,726 - ChargingSystem - INFO - 开始分析用户充电行为模式 (7天)
2025-03-16 11:43:12,628 - ChargingSystem - INFO - 开始分析充电调度策略对电网的影响 (7天)
2025-03-16 11:43:14,372 - ChargingSystem - INFO - 生成交互式可视化仪表盘
2025-03-16 11:43:14,373 - ChargingSystem - INFO - 仪表盘已生成：output/user_dashboard.html, output/operator_dashboard.html
2025-03-16 13:12:49,735 - ChargingSystem - INFO - 加载预训练模型: ev_charging_model.pth
2025-03-16 13:12:49,766 - ChargingSystem - INFO - 成功加载预训练模型
2025-03-16 13:12:49,767 - ChargingSystem - INFO - 系统初始化完成
2025-03-16 13:13:22,359 - ChargingSystem - INFO - 开始分析用户充电行为模式 (7天)
2025-03-16 13:13:38,775 - ChargingSystem - INFO - 开始运行充电调度模拟，模拟天数: 7天，总步数: 672步
2025-03-16 13:13:40,233 - ChargingSystem - INFO - 模拟完成，7天平均指标:
2025-03-16 13:13:40,233 - ChargingSystem - INFO -   用户满意度: 0.0355
2025-03-16 13:13:40,233 - ChargingSystem - INFO -   运营商利润: 0.0012
2025-03-16 13:13:40,234 - ChargingSystem - INFO -   电网友好度: -0.0224
2025-03-16 13:13:40,234 - ChargingSystem - INFO -   综合奖励: 0.1612
2025-03-19 22:25:40,658 - ChargingSystem - INFO - 加载预训练模型: ev_charging_model.pth
2025-03-19 22:25:40,681 - ChargingSystem - INFO - 成功加载预训练模型
2025-03-19 22:25:40,681 - ChargingSystem - INFO - 系统初始化完成
2025-03-19 22:25:40,682 - ChargingSystem - INFO - 开始运行充电调度模拟，模拟天数: 7天，总步数: 672步
2025-03-19 22:25:43,176 - ChargingSystem - INFO - 模拟完成，7天平均指标:
2025-03-19 22:25:43,176 - ChargingSystem - INFO -   用户满意度: 0.2528
2025-03-19 22:25:43,177 - ChargingSystem - INFO -   运营商利润: 0.0088
2025-03-19 22:25:43,177 - ChargingSystem - INFO -   电网友好度: -0.1677
2025-03-19 22:25:43,178 - ChargingSystem - INFO -   综合奖励: 0.2286
2025-03-19 22:25:43,178 - ChargingSystem - INFO - 开始敏感性分析，目标指标: total_reward
2025-03-19 22:25:43,178 - ChargingSystem - INFO - 分析参数 'scheduler.optimization_weights.user_satisfaction' 的影响...
2025-03-19 22:25:43,186 - ChargingSystem - INFO - 开始运行充电调度模拟，模拟天数: 2天，总步数: 192步
2025-03-19 22:25:43,203 - ChargingSystem - INFO - 开始运行充电调度模拟，模拟天数: 2天，总步数: 192步
2025-03-19 22:25:43,221 - ChargingSystem - INFO - 开始运行充电调度模拟，模拟天数: 2天，总步数: 192步
2025-03-19 22:25:43,239 - ChargingSystem - INFO - 开始运行充电调度模拟，模拟天数: 2天，总步数: 192步
2025-03-19 22:25:43,256 - ChargingSystem - INFO - 开始运行充电调度模拟，模拟天数: 2天，总步数: 192步
2025-03-19 22:25:43,280 - ChargingSystem - INFO - 分析参数 'scheduler.optimization_weights.operator_profit' 的影响...
2025-03-19 22:25:43,281 - ChargingSystem - INFO - 开始运行充电调度模拟，模拟天数: 2天，总步数: 192步
2025-03-19 22:25:43,302 - ChargingSystem - INFO - 开始运行充电调度模拟，模拟天数: 2天，总步数: 192步
2025-03-19 22:25:43,319 - ChargingSystem - INFO - 开始运行充电调度模拟，模拟天数: 2天，总步数: 192步
2025-03-19 22:25:43,337 - ChargingSystem - INFO - 分析参数 'scheduler.optimization_weights.grid_friendliness' 的影响...
2025-03-19 22:25:43,339 - ChargingSystem - INFO - 开始运行充电调度模拟，模拟天数: 2天，总步数: 192步
2025-03-19 22:25:43,357 - ChargingSystem - INFO - 开始运行充电调度模拟，模拟天数: 2天，总步数: 192步
2025-03-19 22:25:43,375 - ChargingSystem - INFO - 开始运行充电调度模拟，模拟天数: 2天，总步数: 192步
2025-03-19 22:25:44,644 - ChargingSystem - INFO - 开始比较 5 种不同的调度策略
2025-03-19 22:25:44,657 - ChargingSystem - INFO - 评估策略: 用户优先策略
2025-03-19 22:25:44,722 - ChargingSystem - INFO - 成功加载预训练模型
2025-03-19 22:25:44,724 - ChargingSystem - INFO - 开始运行充电调度模拟，模拟天数: 3天，总步数: 288步
2025-03-19 22:25:45,579 - ChargingSystem - INFO - 评估策略: 利润优先策略
2025-03-19 22:25:45,601 - ChargingSystem - INFO - 成功加载预训练模型
2025-03-19 22:25:45,601 - ChargingSystem - INFO - 开始运行充电调度模拟，模拟天数: 3天，总步数: 288步
2025-03-19 22:25:46,387 - ChargingSystem - INFO - 评估策略: 电网友好策略
2025-03-19 22:25:46,419 - ChargingSystem - INFO - 成功加载预训练模型
2025-03-19 22:25:46,420 - ChargingSystem - INFO - 开始运行充电调度模拟，模拟天数: 3天，总步数: 288步
2025-03-19 22:25:48,217 - ChargingSystem - INFO - 评估策略: 平衡策略
2025-03-19 22:25:48,280 - ChargingSystem - INFO - 成功加载预训练模型
2025-03-19 22:25:48,281 - ChargingSystem - INFO - 开始运行充电调度模拟，模拟天数: 3天，总步数: 288步
2025-03-19 22:25:49,839 - ChargingSystem - INFO - 评估策略: 启发式调度
2025-03-19 22:25:49,853 - ChargingSystem - INFO - 开始运行充电调度模拟，模拟天数: 3天，总步数: 288步
2025-03-19 22:25:51,220 - ChargingSystem - INFO - 开始分析用户充电行为模式 (7天)
2025-03-19 22:25:52,701 - ChargingSystem - INFO - 开始分析充电调度策略对电网的影响 (7天)
2025-03-19 22:25:54,366 - ChargingSystem - INFO - 生成交互式可视化仪表盘
2025-03-19 22:25:54,368 - ChargingSystem - INFO - 仪表盘已生成：output/user_dashboard.html, output/operator_dashboard.html
2025-03-19 22:30:00,802 - ChargingSystem - INFO - 加载预训练模型: ev_charging_model.pth
2025-03-19 22:30:00,823 - ChargingSystem - INFO - 成功加载预训练模型
2025-03-19 22:30:00,823 - ChargingSystem - INFO - 系统初始化完成
2025-03-19 22:30:00,854 - ChargingSystem - INFO - 加载预训练模型: ev_charging_model.pth
2025-03-19 22:30:00,868 - ChargingSystem - INFO - 成功加载预训练模型
2025-03-19 22:30:00,868 - ChargingSystem - INFO - 系统初始化完成
2025-03-19 22:30:00,892 - ChargingSystem - INFO - 加载预训练模型: ev_charging_model.pth
2025-03-19 22:30:00,902 - ChargingSystem - INFO - 成功加载预训练模型
2025-03-19 22:30:00,903 - ChargingSystem - INFO - 系统初始化完成
2025-03-19 22:30:00,904 - ChargingSystem - INFO - 开始运行充电调度模拟，模拟天数: 1天，总步数: 96步
2025-03-19 22:30:02,677 - ChargingSystem - INFO - 模拟完成，1天平均指标:
2025-03-19 22:30:02,681 - ChargingSystem - INFO -   用户满意度: 0.3249
2025-03-19 22:30:02,682 - ChargingSystem - INFO -   运营商利润: 0.0128
2025-03-19 22:30:02,683 - ChargingSystem - INFO -   电网友好度: -0.2442
2025-03-19 22:30:02,684 - ChargingSystem - INFO -   综合奖励: 0.2472
2025-03-19 22:30:02,726 - ChargingSystem - INFO - 加载预训练模型: ev_charging_model.pth
2025-03-19 22:30:02,743 - ChargingSystem - INFO - 成功加载预训练模型
2025-03-19 22:30:02,744 - ChargingSystem - INFO - 系统初始化完成
2025-03-19 22:30:02,774 - ChargingSystem - INFO - 加载预训练模型: ev_charging_model.pth
2025-03-19 22:30:02,785 - ChargingSystem - INFO - 成功加载预训练模型
2025-03-19 22:30:02,785 - ChargingSystem - INFO - 系统初始化完成
2025-03-19 22:30:02,812 - ChargingSystem - INFO - 加载预训练模型: ev_charging_model.pth
2025-03-19 22:30:02,820 - ChargingSystem - INFO - 成功加载预训练模型
2025-03-19 22:30:02,820 - ChargingSystem - INFO - 系统初始化完成
2025-03-19 22:30:02,845 - ChargingSystem - INFO - 加载预训练模型: ev_charging_model.pth
2025-03-19 22:30:02,854 - ChargingSystem - INFO - 成功加载预训练模型
2025-03-19 22:30:02,855 - ChargingSystem - INFO - 系统初始化完成
2025-03-19 22:30:02,873 - ChargingSystem - INFO - 加载预训练模型: ev_charging_model.pth
2025-03-19 22:30:02,883 - ChargingSystem - INFO - 成功加载预训练模型
2025-03-19 22:30:02,884 - ChargingSystem - INFO - 系统初始化完成
2025-03-19 22:30:02,905 - ChargingSystem - INFO - 加载预训练模型: ev_charging_model.pth
2025-03-19 22:30:02,915 - ChargingSystem - INFO - 成功加载预训练模型
2025-03-19 22:30:02,915 - ChargingSystem - INFO - 系统初始化完成
2025-03-19 22:30:02,938 - ChargingSystem - INFO - 开始运行充电调度模拟，模拟天数: 14天，总步数: 1344步
2025-03-19 22:30:03,014 - ChargingSystem - INFO - 开始运行充电调度模拟，模拟天数: 14天，总步数: 1344步
2025-03-19 22:30:03,095 - ChargingSystem - INFO - 开始运行充电调度模拟，模拟天数: 14天，总步数: 1344步
2025-03-19 22:30:03,169 - ChargingSystem - INFO - 开始运行充电调度模拟，模拟天数: 14天，总步数: 1344步
2025-03-19 22:30:04,834 - ChargingSystem - INFO - 加载预训练模型: ev_charging_model.pth
2025-03-19 22:30:04,846 - ChargingSystem - INFO - 成功加载预训练模型
2025-03-19 22:30:04,847 - ChargingSystem - INFO - 系统初始化完成
2025-03-19 22:30:04,864 - ChargingSystem - INFO - 开始运行充电调度模拟，模拟天数: 14天，总步数: 1344步
2025-03-19 22:30:04,950 - ChargingSystem - INFO - 开始运行充电调度模拟，模拟天数: 14天，总步数: 1344步
2025-03-19 22:30:05,081 - ChargingSystem - INFO - 开始运行充电调度模拟，模拟天数: 14天，总步数: 1344步
2025-03-19 22:30:05,133 - ChargingSystem - INFO - 开始运行充电调度模拟，模拟天数: 14天，总步数: 1344步
2025-03-19 22:30:06,411 - ChargingSystem - INFO - 加载预训练模型: ev_charging_model.pth
2025-03-19 22:30:06,420 - ChargingSystem - INFO - 成功加载预训练模型
2025-03-19 22:30:06,421 - ChargingSystem - INFO - 系统初始化完成
2025-03-19 22:30:06,437 - ChargingSystem - INFO - 开始运行充电调度模拟，模拟天数: 7天，总步数: 672步
2025-03-19 22:30:06,513 - ChargingSystem - INFO - 开始运行充电调度模拟，模拟天数: 7天，总步数: 672步
2025-03-19 22:30:06,641 - ChargingSystem - INFO - 开始运行充电调度模拟，模拟天数: 7天，总步数: 672步
2025-03-19 22:30:06,694 - ChargingSystem - INFO - 开始运行充电调度模拟，模拟天数: 7天，总步数: 672步
2025-03-19 22:30:06,762 - ChargingSystem - INFO - 开始运行充电调度模拟，模拟天数: 7天，总步数: 672步
2025-03-19 22:30:06,849 - ChargingSystem - INFO - 开始运行充电调度模拟，模拟天数: 7天，总步数: 672步
2025-03-19 22:30:06,961 - ChargingSystem - INFO - 开始运行充电调度模拟，模拟天数: 7天，总步数: 672步
2025-03-19 22:30:07,021 - ChargingSystem - INFO - 开始运行充电调度模拟，模拟天数: 7天，总步数: 672步
2025-03-19 22:30:07,082 - ChargingSystem - INFO - 开始运行充电调度模拟，模拟天数: 7天，总步数: 672步
2025-03-19 22:30:07,176 - ChargingSystem - INFO - 开始运行充电调度模拟，模拟天数: 7天，总步数: 672步
2025-03-19 22:30:07,317 - ChargingSystem - INFO - 开始运行充电调度模拟，模拟天数: 7天，总步数: 672步
2025-03-19 22:30:07,367 - ChargingSystem - INFO - 开始运行充电调度模拟，模拟天数: 7天，总步数: 672步
2025-03-19 22:30:07,429 - ChargingSystem - INFO - 开始运行充电调度模拟，模拟天数: 7天，总步数: 672步
2025-03-19 22:30:07,513 - ChargingSystem - INFO - 开始运行充电调度模拟，模拟天数: 7天，总步数: 672步
2025-03-19 22:30:07,641 - ChargingSystem - INFO - 开始运行充电调度模拟，模拟天数: 7天，总步数: 672步
2025-03-19 22:30:07,704 - ChargingSystem - INFO - 开始运行充电调度模拟，模拟天数: 7天，总步数: 672步
